<?xml version="1.0" encoding="UTF-8"?>
<!-- Generated by org.testng.reporters.JUnitReportReporter -->
<testsuite skipped="0" hostname="Yuliyas-MacBook-Pro.local" name="NewTest" tests="1" failures="0" timestamp="15 Mar 2019 18:19:01 GMT" time="0.008" errors="0">
  <testcase name="f" time="0.008" classname="NewTest"/>
</testsuite> <!-- NewTest -->
