<?xml version="1.0" encoding="UTF-8"?>
<!-- Generated by org.testng.reporters.JUnitReportReporter -->
<testsuite skipped="0" hostname="Yuliyas-MacBook-Pro.local" name="NewTest6" tests="1" failures="0" timestamp="15 Mar 2019 20:57:41 GMT" time="0.001" errors="0">
  <testcase name="test6" time="0.001" classname="NewTest6"/>
</testsuite> <!-- NewTest6 -->
