<?xml version="1.0" encoding="UTF-8"?>
<!-- Generated by org.testng.reporters.JUnitReportReporter -->
<testsuite skipped="1" hostname="Yuliyas-MacBook-Pro.local" name="NewTest2" tests="2" failures="0" timestamp="15 Mar 2019 18:25:21 GMT" time="0.008" errors="0">
  <testcase name="f" time="0.008" classname="NewTest2"/>
  <testcase name="test2" classname="NewTest2">
    <skipped/>
  </testcase> <!-- test2 -->
</testsuite> <!-- NewTest2 -->
